---------- Date: 2014-10-29 16:05:55 ~ IP : 127.0.0.1 ----------
REQUEST URI : /admin/index.php?route=common/login
MOD DETAILS:
   modFile   : /Users/fernandomendes/github/expressophone/public/vqmod/xml/Felipo-Imagen-Pagamento-Entrega.xml
   id        : Code Market - Imagem Pagamento e Entrega no Checkout
   version   : 1.0.1
   vqmver    : 2.3.2
   author    : Felipo Antonoff Araújo
VQModObject::parseMods - Could not resolve path for [catalog/model/payment/pagamento_digital.php] (SKIPPED)
VQModObject::parseMods - Could not resolve path for [catalog/model/payment/akatus.php] (SKIPPED)
VQModObject::parseMods - Could not resolve path for [catalog/model/payment/gerencianet.php] (SKIPPED)

----------------------------------------------------------------------


---------- Date: 2014-10-29 17:51:00 ~ IP : 201.27.11.105 ----------
REQUEST URI : /
MOD DETAILS:
   modFile   : /srv/httpd/expressophone.com.br/expressophone/public/vqmod/xml/Felipo-Imagen-Pagamento-Entrega.xml
   id        : Code Market - Imagem Pagamento e Entrega no Checkout
   version   : 1.0.1
   vqmver    : 2.3.2
   author    : Felipo Antonoff Araújo
VQModObject::parseMods - Could not resolve path for [catalog/model/payment/pagamento_digital.php] (SKIPPED)
VQModObject::parseMods - Could not resolve path for [catalog/model/payment/akatus.php] (SKIPPED)
VQModObject::parseMods - Could not resolve path for [catalog/model/payment/gerencianet.php] (SKIPPED)

----------------------------------------------------------------------


---------- Date: 2014-10-29 17:52:51 ~ IP : 201.27.11.105 ----------
REQUEST URI : /
MOD DETAILS:
   modFile   : /srv/httpd/expressophone.com.br/expressophone/public/vqmod/xml/Felipo-Imagen-Pagamento-Entrega.xml
   id        : Code Market - Imagem Pagamento e Entrega no Checkout
   version   : 1.0.1
   vqmver    : 2.3.2
   author    : Felipo Antonoff Araújo
VQModObject::parseMods - Could not resolve path for [catalog/model/payment/pagamento_digital.php] (SKIPPED)
VQModObject::parseMods - Could not resolve path for [catalog/model/payment/akatus.php] (SKIPPED)
VQModObject::parseMods - Could not resolve path for [catalog/model/payment/gerencianet.php] (SKIPPED)

----------------------------------------------------------------------


